\BOOKMARK [0][-]{chapter.1}{\376\377\0001\000\040\000C\000l\000a\000s\000s\000\040\000I\000n\000d\000e\000x}{}% 1
\BOOKMARK [1][-]{section.1.1}{\376\377\0001\000.\0001\000\040\000C\000l\000a\000s\000s\000\040\000L\000i\000s\000t}{chapter.1}% 2
\BOOKMARK [0][-]{chapter.2}{\376\377\0002\000\040\000C\000l\000a\000s\000s\000\040\000D\000o\000c\000u\000m\000e\000n\000t\000a\000t\000i\000o\000n}{}% 3
\BOOKMARK [1][-]{section.2.1}{\376\377\0002\000.\0001\000\040\000M\000a\000t\000r\000i\000z\000\040\000C\000l\000a\000s\000s\000\040\000R\000e\000f\000e\000r\000e\000n\000c\000e}{chapter.2}% 4
\BOOKMARK [2][-]{subsection.2.1.1}{\376\377\0002\000.\0001\000.\0001\000\040\000D\000e\000t\000a\000i\000l\000e\000d\000\040\000D\000e\000s\000c\000r\000i\000p\000t\000i\000o\000n}{section.2.1}% 5
\BOOKMARK [2][-]{subsection.2.1.2}{\376\377\0002\000.\0001\000.\0002\000\040\000C\000o\000n\000s\000t\000r\000u\000c\000t\000o\000r\000\040\000\046\000\040\000D\000e\000s\000t\000r\000u\000c\000t\000o\000r\000\040\000D\000o\000c\000u\000m\000e\000n\000t\000a\000t\000i\000o\000n}{section.2.1}% 6
\BOOKMARK [3][-]{subsubsection.2.1.2.1}{\376\377\0002\000.\0001\000.\0002\000.\0001\000\040\000M\000a\000t\000r\000i\000z}{subsection.2.1.2}% 7
\BOOKMARK [2][-]{subsection.2.1.3}{\376\377\0002\000.\0001\000.\0003\000\040\000M\000e\000m\000b\000e\000r\000\040\000F\000u\000n\000c\000t\000i\000o\000n\000\040\000D\000o\000c\000u\000m\000e\000n\000t\000a\000t\000i\000o\000n}{section.2.1}% 8
\BOOKMARK [3][-]{subsubsection.2.1.3.1}{\376\377\0002\000.\0001\000.\0003\000.\0001\000\040\000A\000l\000t\000e\000r\000a\000r\000V\000a\000l\000o\000r}{subsection.2.1.3}% 9
\BOOKMARK [3][-]{subsubsection.2.1.3.2}{\376\377\0002\000.\0001\000.\0003\000.\0002\000\040\000A\000l\000t\000e\000r\000a\000r\000V\000a\000l\000o\000r}{subsection.2.1.3}% 10
\BOOKMARK [3][-]{subsubsection.2.1.3.3}{\376\377\0002\000.\0001\000.\0003\000.\0003\000\040\000B\000u\000s\000c\000a\000r\000V\000a\000l\000o\000r}{subsection.2.1.3}% 11
\BOOKMARK [3][-]{subsubsection.2.1.3.4}{\376\377\0002\000.\0001\000.\0003\000.\0004\000\040\000C\000a\000r\000r\000e\000g\000a\000r\000I\000d\000e\000n\000t\000i\000d\000a\000d\000e}{subsection.2.1.3}% 12
\BOOKMARK [3][-]{subsubsection.2.1.3.5}{\376\377\0002\000.\0001\000.\0003\000.\0005\000\040\000G\000e\000t\000C\000o\000l\000u\000n\000a}{subsection.2.1.3}% 13
\BOOKMARK [3][-]{subsubsection.2.1.3.6}{\376\377\0002\000.\0001\000.\0003\000.\0006\000\040\000G\000e\000t\000L\000i\000n\000h\000a}{subsection.2.1.3}% 14
\BOOKMARK [3][-]{subsubsection.2.1.3.7}{\376\377\0002\000.\0001\000.\0003\000.\0007\000\040\000M\000a\000t\000r\000i\000x\000T\000o\000G\000L\000D\000A\000r\000r\000a\000y}{subsection.2.1.3}% 15
\BOOKMARK [3][-]{subsubsection.2.1.3.8}{\376\377\0002\000.\0001\000.\0003\000.\0008\000\040\000M\000u\000l\000t\000i\000p\000l\000i\000c\000a\000r}{subsection.2.1.3}% 16
\BOOKMARK [3][-]{subsubsection.2.1.3.9}{\376\377\0002\000.\0001\000.\0003\000.\0009\000\040\000M\000u\000l\000t\000i\000p\000l\000i\000c\000a\000T\000r\000a\000n\000s\000f\000o\000r\000m\000a\000c\000a\000o}{subsection.2.1.3}% 17
\BOOKMARK [3][-]{subsubsection.2.1.3.10}{\376\377\0002\000.\0001\000.\0003\000.\0001\0000\000\040\000R\000e\000t\000o\000r\000n\000a\000V\000a\000l\000o\000r}{subsection.2.1.3}% 18
\BOOKMARK [3][-]{subsubsection.2.1.3.11}{\376\377\0002\000.\0001\000.\0003\000.\0001\0001\000\040\000S\000o\000m\000a\000r}{subsection.2.1.3}% 19
\BOOKMARK [3][-]{subsubsection.2.1.3.12}{\376\377\0002\000.\0001\000.\0003\000.\0001\0002\000\040\000S\000u\000b\000t\000r\000a\000i\000r}{subsection.2.1.3}% 20
\BOOKMARK [3][-]{subsubsection.2.1.3.13}{\376\377\0002\000.\0001\000.\0003\000.\0001\0003\000\040\000T\000r\000a\000n\000s\000p\000o\000s\000t\000a}{subsection.2.1.3}% 21
\BOOKMARK [1][-]{section.2.2}{\376\377\0002\000.\0002\000\040\000O\000b\000j\000e\000t\000o\0003\000d\000\040\000C\000l\000a\000s\000s\000\040\000R\000e\000f\000e\000r\000e\000n\000c\000e}{chapter.2}% 22
\BOOKMARK [2][-]{subsection.2.2.1}{\376\377\0002\000.\0002\000.\0001\000\040\000D\000e\000t\000a\000i\000l\000e\000d\000\040\000D\000e\000s\000c\000r\000i\000p\000t\000i\000o\000n}{section.2.2}% 23
\BOOKMARK [2][-]{subsection.2.2.2}{\376\377\0002\000.\0002\000.\0002\000\040\000M\000e\000m\000b\000e\000r\000\040\000F\000u\000n\000c\000t\000i\000o\000n\000\040\000D\000o\000c\000u\000m\000e\000n\000t\000a\000t\000i\000o\000n}{section.2.2}% 24
\BOOKMARK [3][-]{subsubsection.2.2.2.1}{\376\377\0002\000.\0002\000.\0002\000.\0001\000\040\000G\000e\000t\000M\000a\000t\000r\000i\000z\000R\000o\000t\000a\000c\000a\000o}{subsection.2.2.2}% 25
\BOOKMARK [3][-]{subsubsection.2.2.2.2}{\376\377\0002\000.\0002\000.\0002\000.\0002\000\040\000R\000o\000t\000a\000c\000i\000o\000n\000a\000X}{subsection.2.2.2}% 26
\BOOKMARK [3][-]{subsubsection.2.2.2.3}{\376\377\0002\000.\0002\000.\0002\000.\0003\000\040\000R\000o\000t\000a\000c\000i\000o\000n\000a\000Y}{subsection.2.2.2}% 27
\BOOKMARK [3][-]{subsubsection.2.2.2.4}{\376\377\0002\000.\0002\000.\0002\000.\0004\000\040\000R\000o\000t\000a\000c\000i\000o\000n\000a\000Z}{subsection.2.2.2}% 28
\BOOKMARK [3][-]{subsubsection.2.2.2.5}{\376\377\0002\000.\0002\000.\0002\000.\0005\000\040\000W\000r\000i\000t\000e\000D\000a\000t\000a}{subsection.2.2.2}% 29
\BOOKMARK [1][-]{section.2.3}{\376\377\0002\000.\0003\000\040\000U\000t\000i\000l\000s\000\040\000C\000l\000a\000s\000s\000\040\000R\000e\000f\000e\000r\000e\000n\000c\000e}{chapter.2}% 30
\BOOKMARK [2][-]{subsection.2.3.1}{\376\377\0002\000.\0003\000.\0001\000\040\000D\000e\000t\000a\000i\000l\000e\000d\000\040\000D\000e\000s\000c\000r\000i\000p\000t\000i\000o\000n}{section.2.3}% 31
\BOOKMARK [2][-]{subsection.2.3.2}{\376\377\0002\000.\0003\000.\0002\000\040\000M\000e\000m\000b\000e\000r\000\040\000E\000n\000u\000m\000e\000r\000a\000t\000i\000o\000n\000\040\000D\000o\000c\000u\000m\000e\000n\000t\000a\000t\000i\000o\000n}{section.2.3}% 32
\BOOKMARK [3][-]{subsubsection.2.3.2.1}{\376\377\0002\000.\0003\000.\0002\000.\0001\000\040\000G\000r\000o\000u\000n\000d\000T\000y\000p\000e\000E\000n\000u\000m}{subsection.2.3.2}% 33
\BOOKMARK [3][-]{subsubsection.2.3.2.2}{\376\377\0002\000.\0003\000.\0002\000.\0002\000\040\000R\000o\000t\000a\000t\000i\000o\000n\000E\000n\000u\000m}{subsection.2.3.2}% 34
\BOOKMARK [0][-]{section*.7}{\376\377\000I\000n\000d\000e\000x}{}% 35
